<?xml version="1.0" encoding="UTF-8" standalone="yes" ?>
<test-results name="C:\PCVM\Dev-WC\Diary\Tests\Win32\Debug\Project77.exe" total="13" errors="0" failures="0" ignored="0" inconclusive="0" not-run="0" skipped="0" invalid="0" date="2026-01-28" time="0.007">
  <culture-info current-culture="en" current-uiculture="en" />
  <test-suite type="Assembly" name="Project77.exe" executed="true" result="Success" success="True" time="0.007" asserts="0">
    <results>
        <test-suite type="Namespace" name="TesTekufahClass" executed="true" result="Success" success="True" time="0.006" asserts="0" >
          <results>
              <test-suite type="Fixture" name="TTestTekufahClass" executed="True" result="Success" success="True" time="0.006" >
                <results>
                  <test-case name="Test1" executed="True" result="Success" success="True" time="0.000" asserts="0" />
                  <test-case name="TestTekufasTeves.Tekufah Teves 5665" executed="True" result="Success" success="True" time="0.001" asserts="0" />
                  <test-case name="TestTekufasTeves.Tekufah Teves 5666" executed="True" result="Success" success="True" time="0.001" asserts="0" />
                  <test-case name="TestTekufasTeves.Tekufah Teves 5674" executed="True" result="Success" success="True" time="0.000" asserts="0" />
                  <test-case name="TestTekufasNissan.Tekufah Nissan 5665" executed="True" result="Success" success="True" time="0.000" asserts="0" />
                  <test-case name="TestTekufasNissan.Tekufah Nissan 5666" executed="True" result="Success" success="True" time="0.000" asserts="0" />
                  <test-case name="TestTekufasNissan.Tekufah Nissan 5674" executed="True" result="Success" success="True" time="0.001" asserts="0" />
                  <test-case name="TestTekufasTammuz.Tekufah Tammuz 5665" executed="True" result="Success" success="True" time="0.000" asserts="0" />
                  <test-case name="TestTekufasTammuz.Tekufah Tammuz 5666" executed="True" result="Success" success="True" time="0.001" asserts="0" />
                  <test-case name="TestTekufasTammuz.Tekufah Tammuz 5674" executed="True" result="Success" success="True" time="0.000" asserts="0" />
                  <test-case name="TestTekufasTishrei.Tekufah Tishrei 5665" executed="True" result="Success" success="True" time="0.001" asserts="0" />
                  <test-case name="TestTekufasTishrei.Tekufah Tishrei 5666" executed="True" result="Success" success="True" time="0.001" asserts="0" />
                  <test-case name="TestTekufasTishrei.Tekufah Tishrei 5674" executed="True" result="Success" success="True" time="0.001" asserts="0" />
                </results>
              </test-suite>
          </results>
        </test-suite>
    </results>
  </test-suite>
</test-results>
